04-11-2021 11:54:32 DEBUG Agent AMGN uptick to 2
04-11-2021 11:54:32 DEBUG 
        ==== Asset AMGN | Tick: 2 ====
        --- Price ---
        226.69000244140625
        --- Bid Volume ---
        0.0
        --- Offer Volume ---
        0.0
        
04-11-2021 11:54:32 DEBUG Agent CSCO uptick to 2
04-11-2021 11:54:32 DEBUG 
        ==== Asset CSCO | Tick: 2 ====
        --- Price ---
        45.290000915527344
        --- Bid Volume ---
        16.0
        --- Offer Volume ---
        0.0
        
04-11-2021 11:54:32 DEBUG Agent CVX uptick to 2
04-11-2021 11:54:32 DEBUG 
        ==== Asset CVX | Tick: 2 ====
        --- Price ---
        101.7217025756836
        --- Bid Volume ---
        43.0
        --- Offer Volume ---
        0.0
        
04-11-2021 11:54:32 DEBUG Agent GS uptick to 2
04-11-2021 11:54:32 DEBUG 
        ==== Asset GS | Tick: 2 ====
        --- Price ---
        326.1600036621094
        --- Bid Volume ---
        0.0
        --- Offer Volume ---
        0.0
        
04-11-2021 11:54:32 DEBUG Agent HON uptick to 2
04-11-2021 11:54:32 DEBUG 
        ==== Asset HON | Tick: 2 ====
        --- Price ---
        204.41000366210935
        --- Bid Volume ---
        0.0
        --- Offer Volume ---
        0.0
        
04-11-2021 11:54:32 DEBUG Agent JNJ uptick to 2
04-11-2021 11:54:32 DEBUG 
        ==== Asset JNJ | Tick: 2 ====
        --- Price ---
        161.24099731445312
        --- Bid Volume ---
        70.0
        --- Offer Volume ---
        0.0
        
04-11-2021 11:54:32 DEBUG Agent KO uptick to 2
04-11-2021 11:54:32 DEBUG 
        ==== Asset KO | Tick: 2 ====
        --- Price ---
        49.65999984741211
        --- Bid Volume ---
        0.0
        --- Offer Volume ---
        0.0
        
04-11-2021 11:54:32 DEBUG Agent MSFT uptick to 2
04-11-2021 11:54:32 DEBUG 
        ==== Asset MSFT | Tick: 2 ====
        --- Price ---
        235.75
        --- Bid Volume ---
        28.0
        --- Offer Volume ---
        0.0
        
04-11-2021 11:54:32 DEBUG Agent TRV uptick to 2
04-11-2021 11:54:32 DEBUG 
        ==== Asset TRV | Tick: 2 ====
        --- Price ---
        148.02000427246094
        --- Bid Volume ---
        0.0
        --- Offer Volume ---
        0.0
        
04-11-2021 11:54:32 DEBUG Agent UNH uptick to 2
04-11-2021 11:54:32 DEBUG 
        ==== Asset UNH | Tick: 2 ====
        --- Price ---
        337.4599914550781
        --- Bid Volume ---
        0.0
        --- Offer Volume ---
        0.0
        
04-11-2021 11:54:32 DEBUG Agent DOW uptick to 2
04-11-2021 11:54:32 DEBUG 
        ==== Asset DOW | Tick: 2 ====
        --- Price ---
        61.34999847412109
        --- Bid Volume ---
        0.0
        --- Offer Volume ---
        0.0
        
04-11-2021 11:54:36 DEBUG Agent AMGN uptick to 3
04-11-2021 11:54:36 DEBUG 
        ==== Asset AMGN | Tick: 3 ====
        --- Price ---
        226.69000244140625
        --- Bid Volume ---
        0.0
        --- Offer Volume ---
        0.0
        
04-11-2021 11:54:36 DEBUG Agent CSCO uptick to 3
04-11-2021 11:54:36 DEBUG 
        ==== Asset CSCO | Tick: 3 ====
        --- Price ---
        45.42601653623329
        --- Bid Volume ---
        0.0
        --- Offer Volume ---
        16.0
        
04-11-2021 11:54:36 DEBUG Agent CVX uptick to 3
04-11-2021 11:54:36 DEBUG 
        ==== Asset CVX | Tick: 3 ====
        --- Price ---
        102.07781246759914
        --- Bid Volume ---
        0.0
        --- Offer Volume ---
        43.0
        
04-11-2021 11:54:36 DEBUG Agent GS uptick to 3
04-11-2021 11:54:36 DEBUG 
        ==== Asset GS | Tick: 3 ====
        --- Price ---
        326.1600036621094
        --- Bid Volume ---
        0.0
        --- Offer Volume ---
        0.0
        
04-11-2021 11:54:36 DEBUG Agent HON uptick to 3
04-11-2021 11:54:36 DEBUG 
        ==== Asset HON | Tick: 3 ====
        --- Price ---
        204.41000366210935
        --- Bid Volume ---
        0.0
        --- Offer Volume ---
        0.0
        
04-11-2021 11:54:36 DEBUG Agent JNJ uptick to 3
04-11-2021 11:54:36 DEBUG 
        ==== Asset JNJ | Tick: 3 ====
        --- Price ---
        161.3122686754016
        --- Bid Volume ---
        0.0
        --- Offer Volume ---
        70.0
        
04-11-2021 11:54:36 DEBUG Agent KO uptick to 3
04-11-2021 11:54:36 DEBUG 
        ==== Asset KO | Tick: 3 ====
        --- Price ---
        49.65999984741211
        --- Bid Volume ---
        0.0
        --- Offer Volume ---
        0.0
        
04-11-2021 11:54:36 DEBUG Agent MSFT uptick to 3
04-11-2021 11:54:36 DEBUG 
        ==== Asset MSFT | Tick: 3 ====
        --- Price ---
        235.87907270454505
        --- Bid Volume ---
        0.0
        --- Offer Volume ---
        28.0
        
04-11-2021 11:54:36 DEBUG Agent TRV uptick to 3
04-11-2021 11:54:36 DEBUG 
        ==== Asset TRV | Tick: 3 ====
        --- Price ---
        148.02000427246094
        --- Bid Volume ---
        0.0
        --- Offer Volume ---
        0.0
        
04-11-2021 11:54:36 DEBUG Agent UNH uptick to 3
04-11-2021 11:54:36 DEBUG 
        ==== Asset UNH | Tick: 3 ====
        --- Price ---
        337.4599914550781
        --- Bid Volume ---
        0.0
        --- Offer Volume ---
        0.0
        
04-11-2021 11:54:36 DEBUG Agent DOW uptick to 3
04-11-2021 11:54:36 DEBUG 
        ==== Asset DOW | Tick: 3 ====
        --- Price ---
        61.34999847412109
        --- Bid Volume ---
        0.0
        --- Offer Volume ---
        0.0
        
04-11-2021 11:54:40 DEBUG Agent AMGN uptick to 4
04-11-2021 11:54:40 DEBUG 
        ==== Asset AMGN | Tick: 4 ====
        --- Price ---
        226.69000244140625
        --- Bid Volume ---
        0.0
        --- Offer Volume ---
        0.0
        
04-11-2021 11:54:40 DEBUG Agent CSCO uptick to 4
04-11-2021 11:54:40 DEBUG 
        ==== Asset CSCO | Tick: 4 ====
        --- Price ---
        45.290000915527344
        --- Bid Volume ---
        74.0
        --- Offer Volume ---
        0.0
        
04-11-2021 11:54:40 DEBUG Agent CVX uptick to 4
04-11-2021 11:54:40 DEBUG 
        ==== Asset CVX | Tick: 4 ====
        --- Price ---
        101.7217025756836
        --- Bid Volume ---
        156.0
        --- Offer Volume ---
        0.0
        
04-11-2021 11:54:40 DEBUG Agent GS uptick to 4
04-11-2021 11:54:40 DEBUG 
        ==== Asset GS | Tick: 4 ====
        --- Price ---
        326.1600036621094
        --- Bid Volume ---
        0.0
        --- Offer Volume ---
        0.0
        
04-11-2021 11:54:40 DEBUG Agent HON uptick to 4
04-11-2021 11:54:40 DEBUG 
        ==== Asset HON | Tick: 4 ====
        --- Price ---
        204.41000366210935
        --- Bid Volume ---
        0.0
        --- Offer Volume ---
        0.0
        
04-11-2021 11:54:40 DEBUG Agent JNJ uptick to 4
04-11-2021 11:54:40 DEBUG 
        ==== Asset JNJ | Tick: 4 ====
        --- Price ---
        161.24099731445312
        --- Bid Volume ---
        41.0
        --- Offer Volume ---
        0.0
        
04-11-2021 11:54:40 DEBUG Agent KO uptick to 4
04-11-2021 11:54:40 DEBUG 
        ==== Asset KO | Tick: 4 ====
        --- Price ---
        49.65999984741211
        --- Bid Volume ---
        0.0
        --- Offer Volume ---
        0.0
        
04-11-2021 11:54:40 DEBUG Agent MSFT uptick to 4
04-11-2021 11:54:40 DEBUG 
        ==== Asset MSFT | Tick: 4 ====
        --- Price ---
        235.75
        --- Bid Volume ---
        70.0
        --- Offer Volume ---
        0.0
        
04-11-2021 11:54:40 DEBUG Agent TRV uptick to 4
04-11-2021 11:54:40 DEBUG 
        ==== Asset TRV | Tick: 4 ====
        --- Price ---
        148.02000427246094
        --- Bid Volume ---
        0.0
        --- Offer Volume ---
        0.0
        
04-11-2021 11:54:40 DEBUG Agent UNH uptick to 4
04-11-2021 11:54:40 DEBUG 
        ==== Asset UNH | Tick: 4 ====
        --- Price ---
        337.4599914550781
        --- Bid Volume ---
        0.0
        --- Offer Volume ---
        0.0
        
04-11-2021 11:54:40 DEBUG Agent DOW uptick to 4
04-11-2021 11:54:40 DEBUG 
        ==== Asset DOW | Tick: 4 ====
        --- Price ---
        61.34999847412109
        --- Bid Volume ---
        0.0
        --- Offer Volume ---
        0.0
        
04-11-2021 11:54:44 DEBUG Agent AMGN uptick to 5
04-11-2021 11:54:44 DEBUG 
        ==== Asset AMGN | Tick: 5 ====
        --- Price ---
        226.69000244140625
        --- Bid Volume ---
        0.0
        --- Offer Volume ---
        0.0
        
04-11-2021 11:54:44 DEBUG Agent CSCO uptick to 5
04-11-2021 11:54:44 DEBUG 
        ==== Asset CSCO | Tick: 5 ====
        --- Price ---
        45.91907316129237
        --- Bid Volume ---
        0.0
        --- Offer Volume ---
        74.0
        
04-11-2021 11:54:44 DEBUG Agent CVX uptick to 5
04-11-2021 11:54:44 DEBUG 
        ==== Asset CVX | Tick: 5 ====
        --- Price ---
        103.01363613705165
        --- Bid Volume ---
        0.0
        --- Offer Volume ---
        156.0
        
04-11-2021 11:54:44 DEBUG Agent GS uptick to 5
04-11-2021 11:54:44 DEBUG 
        ==== Asset GS | Tick: 5 ====
        --- Price ---
        326.1600036621094
        --- Bid Volume ---
        0.0
        --- Offer Volume ---
        0.0
        
04-11-2021 11:54:44 DEBUG Agent HON uptick to 5
04-11-2021 11:54:44 DEBUG 
        ==== Asset HON | Tick: 5 ====
        --- Price ---
        204.41000366210935
        --- Bid Volume ---
        0.0
        --- Offer Volume ---
        0.0
        
04-11-2021 11:54:44 DEBUG Agent JNJ uptick to 5
04-11-2021 11:54:44 DEBUG 
        ==== Asset JNJ | Tick: 5 ====
        --- Price ---
        161.28274196872295
        --- Bid Volume ---
        0.0
        --- Offer Volume ---
        41.0
        
04-11-2021 11:54:44 DEBUG Agent KO uptick to 5
04-11-2021 11:54:44 DEBUG 
        ==== Asset KO | Tick: 5 ====
        --- Price ---
        49.65999984741211
        --- Bid Volume ---
        0.0
        --- Offer Volume ---
        0.0
        
04-11-2021 11:54:44 DEBUG Agent MSFT uptick to 5
04-11-2021 11:54:44 DEBUG 
        ==== Asset MSFT | Tick: 5 ====
        --- Price ---
        236.07268176136267
        --- Bid Volume ---
        0.0
        --- Offer Volume ---
        70.0
        
04-11-2021 11:54:44 DEBUG Agent TRV uptick to 5
04-11-2021 11:54:44 DEBUG 
        ==== Asset TRV | Tick: 5 ====
        --- Price ---
        148.02000427246094
        --- Bid Volume ---
        0.0
        --- Offer Volume ---
        0.0
        
04-11-2021 11:54:44 DEBUG Agent UNH uptick to 5
04-11-2021 11:54:44 DEBUG 
        ==== Asset UNH | Tick: 5 ====
        --- Price ---
        337.4599914550781
        --- Bid Volume ---
        0.0
        --- Offer Volume ---
        0.0
        
04-11-2021 11:54:44 DEBUG Agent DOW uptick to 5
04-11-2021 11:54:44 DEBUG 
        ==== Asset DOW | Tick: 5 ====
        --- Price ---
        61.34999847412109
        --- Bid Volume ---
        0.0
        --- Offer Volume ---
        0.0
        
04-11-2021 11:54:48 DEBUG Agent AMGN uptick to 6
04-11-2021 11:54:48 DEBUG 
        ==== Asset AMGN | Tick: 6 ====
        --- Price ---
        226.69000244140625
        --- Bid Volume ---
        0.0
        --- Offer Volume ---
        0.0
        
04-11-2021 11:54:48 DEBUG Agent CSCO uptick to 6
04-11-2021 11:54:48 DEBUG 
        ==== Asset CSCO | Tick: 6 ====
        --- Price ---
        45.290000915527344
        --- Bid Volume ---
        186.0
        --- Offer Volume ---
        0.0
        
04-11-2021 11:54:48 DEBUG Agent CVX uptick to 6
04-11-2021 11:54:48 DEBUG 
        ==== Asset CVX | Tick: 6 ====
        --- Price ---
        101.7217025756836
        --- Bid Volume ---
        62.0
        --- Offer Volume ---
        0.0
        
04-11-2021 11:54:48 DEBUG Agent GS uptick to 6
04-11-2021 11:54:48 DEBUG 
        ==== Asset GS | Tick: 6 ====
        --- Price ---
        326.1600036621094
        --- Bid Volume ---
        0.0
        --- Offer Volume ---
        0.0
        
04-11-2021 11:54:48 DEBUG Agent HON uptick to 6
04-11-2021 11:54:48 DEBUG 
        ==== Asset HON | Tick: 6 ====
        --- Price ---
        204.41000366210935
        --- Bid Volume ---
        0.0
        --- Offer Volume ---
        0.0
        
04-11-2021 11:54:48 DEBUG Agent JNJ uptick to 6
04-11-2021 11:54:48 DEBUG 
        ==== Asset JNJ | Tick: 6 ====
        --- Price ---
        161.24099731445312
        --- Bid Volume ---
        23.0
        --- Offer Volume ---
        0.0
        
04-11-2021 11:54:48 DEBUG Agent KO uptick to 6
04-11-2021 11:54:48 DEBUG 
        ==== Asset KO | Tick: 6 ====
        --- Price ---
        49.65999984741211
        --- Bid Volume ---
        0.0
        --- Offer Volume ---
        0.0
        
04-11-2021 11:54:48 DEBUG Agent MSFT uptick to 6
04-11-2021 11:54:48 DEBUG 
        ==== Asset MSFT | Tick: 6 ====
        --- Price ---
        235.75
        --- Bid Volume ---
        146.0
        --- Offer Volume ---
        0.0
        
04-11-2021 11:54:48 DEBUG Agent TRV uptick to 6
04-11-2021 11:54:48 DEBUG 
        ==== Asset TRV | Tick: 6 ====
        --- Price ---
        148.02000427246094
        --- Bid Volume ---
        0.0
        --- Offer Volume ---
        0.0
        
04-11-2021 11:54:48 DEBUG Agent UNH uptick to 6
04-11-2021 11:54:48 DEBUG 
        ==== Asset UNH | Tick: 6 ====
        --- Price ---
        337.4599914550781
        --- Bid Volume ---
        0.0
        --- Offer Volume ---
        0.0
        
04-11-2021 11:54:48 DEBUG Agent DOW uptick to 6
04-11-2021 11:54:48 DEBUG 
        ==== Asset DOW | Tick: 6 ====
        --- Price ---
        61.34999847412109
        --- Bid Volume ---
        0.0
        --- Offer Volume ---
        0.0
        
04-11-2021 11:54:52 DEBUG Agent AMGN uptick to 7
04-11-2021 11:54:52 DEBUG 
        ==== Asset AMGN | Tick: 7 ====
        --- Price ---
        226.69000244140625
        --- Bid Volume ---
        0.0
        --- Offer Volume ---
        0.0
        
04-11-2021 11:54:52 DEBUG Agent CSCO uptick to 7
04-11-2021 11:54:52 DEBUG 
        ==== Asset CSCO | Tick: 7 ====
        --- Price ---
        46.87118250623402
        --- Bid Volume ---
        0.0
        --- Offer Volume ---
        186.0
        
04-11-2021 11:54:52 DEBUG Agent CVX uptick to 7
04-11-2021 11:54:52 DEBUG 
        ==== Asset CVX | Tick: 7 ====
        --- Price ---
        102.23516335007346
        --- Bid Volume ---
        0.0
        --- Offer Volume ---
        62.0
        
04-11-2021 11:54:52 DEBUG Agent GS uptick to 7
04-11-2021 11:54:52 DEBUG 
        ==== Asset GS | Tick: 7 ====
        --- Price ---
        326.1600036621094
        --- Bid Volume ---
        0.0
        --- Offer Volume ---
        0.0
        
04-11-2021 11:54:52 DEBUG Agent HON uptick to 7
04-11-2021 11:54:52 DEBUG 
        ==== Asset HON | Tick: 7 ====
        --- Price ---
        204.41000366210935
        --- Bid Volume ---
        0.0
        --- Offer Volume ---
        0.0
        
04-11-2021 11:54:52 DEBUG Agent JNJ uptick to 7
04-11-2021 11:54:52 DEBUG 
        ==== Asset JNJ | Tick: 7 ====
        --- Price ---
        161.2644150473362
        --- Bid Volume ---
        0.0
        --- Offer Volume ---
        23.0
        
04-11-2021 11:54:52 DEBUG Agent KO uptick to 7
04-11-2021 11:54:52 DEBUG 
        ==== Asset KO | Tick: 7 ====
        --- Price ---
        49.65999984741211
        --- Bid Volume ---
        0.0
        --- Offer Volume ---
        0.0
        
04-11-2021 11:54:52 DEBUG Agent MSFT uptick to 7
04-11-2021 11:54:52 DEBUG 
        ==== Asset MSFT | Tick: 7 ====
        --- Price ---
        236.42302195941355
        --- Bid Volume ---
        0.0
        --- Offer Volume ---
        146.0
        
04-11-2021 11:54:52 DEBUG Agent TRV uptick to 7
04-11-2021 11:54:52 DEBUG 
        ==== Asset TRV | Tick: 7 ====
        --- Price ---
        148.02000427246094
        --- Bid Volume ---
        0.0
        --- Offer Volume ---
        0.0
        
04-11-2021 11:54:52 DEBUG Agent UNH uptick to 7
04-11-2021 11:54:52 DEBUG 
        ==== Asset UNH | Tick: 7 ====
        --- Price ---
        337.4599914550781
        --- Bid Volume ---
        0.0
        --- Offer Volume ---
        0.0
        
04-11-2021 11:54:52 DEBUG Agent DOW uptick to 7
04-11-2021 11:54:52 DEBUG 
        ==== Asset DOW | Tick: 7 ====
        --- Price ---
        61.34999847412109
        --- Bid Volume ---
        0.0
        --- Offer Volume ---
        0.0
        
04-11-2021 11:54:56 DEBUG Agent AMGN uptick to 8
04-11-2021 11:54:56 DEBUG 
        ==== Asset AMGN | Tick: 8 ====
        --- Price ---
        226.69000244140625
        --- Bid Volume ---
        0.0
        --- Offer Volume ---
        0.0
        
04-11-2021 11:54:56 DEBUG Agent CSCO uptick to 8
04-11-2021 11:54:56 DEBUG 
        ==== Asset CSCO | Tick: 8 ====
        --- Price ---
        45.290000915527344
        --- Bid Volume ---
        70.0
        --- Offer Volume ---
        0.0
        
04-11-2021 11:54:56 DEBUG Agent CVX uptick to 8
04-11-2021 11:54:56 DEBUG 
        ==== Asset CVX | Tick: 8 ====
        --- Price ---
        101.7217025756836
        --- Bid Volume ---
        182.0
        --- Offer Volume ---
        0.0
        
04-11-2021 11:54:56 DEBUG Agent GS uptick to 8
04-11-2021 11:54:56 DEBUG 
        ==== Asset GS | Tick: 8 ====
        --- Price ---
        326.1600036621094
        --- Bid Volume ---
        0.0
        --- Offer Volume ---
        0.0
        
04-11-2021 11:54:56 DEBUG Agent HON uptick to 8
04-11-2021 11:54:56 DEBUG 
        ==== Asset HON | Tick: 8 ====
        --- Price ---
        204.41000366210935
        --- Bid Volume ---
        0.0
        --- Offer Volume ---
        0.0
        
04-11-2021 11:54:56 DEBUG Agent JNJ uptick to 8
04-11-2021 11:54:56 DEBUG 
        ==== Asset JNJ | Tick: 8 ====
        --- Price ---
        161.24099731445312
        --- Bid Volume ---
        12.0
        --- Offer Volume ---
        0.0
        
04-11-2021 11:54:56 DEBUG Agent KO uptick to 8
04-11-2021 11:54:56 DEBUG 
        ==== Asset KO | Tick: 8 ====
        --- Price ---
        49.65999984741211
        --- Bid Volume ---
        0.0
        --- Offer Volume ---
        0.0
        
04-11-2021 11:54:56 DEBUG Agent MSFT uptick to 8
04-11-2021 11:54:56 DEBUG 
        ==== Asset MSFT | Tick: 8 ====
        --- Price ---
        235.75
        --- Bid Volume ---
        181.0
        --- Offer Volume ---
        0.0
        
04-11-2021 11:54:56 DEBUG Agent TRV uptick to 8
04-11-2021 11:54:56 DEBUG 
        ==== Asset TRV | Tick: 8 ====
        --- Price ---
        148.02000427246094
        --- Bid Volume ---
        0.0
        --- Offer Volume ---
        0.0
        
04-11-2021 11:54:56 DEBUG Agent UNH uptick to 8
04-11-2021 11:54:56 DEBUG 
        ==== Asset UNH | Tick: 8 ====
        --- Price ---
        337.4599914550781
        --- Bid Volume ---
        0.0
        --- Offer Volume ---
        0.0
        
04-11-2021 11:54:56 DEBUG Agent DOW uptick to 8
04-11-2021 11:54:56 DEBUG 
        ==== Asset DOW | Tick: 8 ====
        --- Price ---
        61.34999847412109
        --- Bid Volume ---
        0.0
        --- Offer Volume ---
        0.0
        
04-11-2021 11:55:01 DEBUG Agent AMGN uptick to 9
04-11-2021 11:55:01 DEBUG 
        ==== Asset AMGN | Tick: 9 ====
        --- Price ---
        226.69000244140625
        --- Bid Volume ---
        0.0
        --- Offer Volume ---
        0.0
        
04-11-2021 11:55:01 DEBUG Agent CSCO uptick to 9
04-11-2021 11:55:01 DEBUG 
        ==== Asset CSCO | Tick: 9 ====
        --- Price ---
        45.88506925611588
        --- Bid Volume ---
        0.0
        --- Offer Volume ---
        70.0
        
04-11-2021 11:55:01 DEBUG Agent CVX uptick to 9
04-11-2021 11:55:01 DEBUG 
        ==== Asset CVX | Tick: 9 ====
        --- Price ---
        103.22895839727965
        --- Bid Volume ---
        0.0
        --- Offer Volume ---
        182.0
        
04-11-2021 11:55:01 DEBUG Agent GS uptick to 9
04-11-2021 11:55:01 DEBUG 
        ==== Asset GS | Tick: 9 ====
        --- Price ---
        326.1600036621094
        --- Bid Volume ---
        0.0
        --- Offer Volume ---
        0.0
        
04-11-2021 11:55:01 DEBUG Agent HON uptick to 9
04-11-2021 11:55:01 DEBUG 
        ==== Asset HON | Tick: 9 ====
        --- Price ---
        204.41000366210935
        --- Bid Volume ---
        0.0
        --- Offer Volume ---
        0.0
        
04-11-2021 11:55:01 DEBUG Agent JNJ uptick to 9
04-11-2021 11:55:01 DEBUG 
        ==== Asset JNJ | Tick: 9 ====
        --- Price ---
        161.2532152620443
        --- Bid Volume ---
        0.0
        --- Offer Volume ---
        12.0
        
04-11-2021 11:55:01 DEBUG Agent KO uptick to 9
04-11-2021 11:55:01 DEBUG 
        ==== Asset KO | Tick: 9 ====
        --- Price ---
        49.65999984741211
        --- Bid Volume ---
        0.0
        --- Offer Volume ---
        0.0
        
04-11-2021 11:55:01 DEBUG Agent MSFT uptick to 9
04-11-2021 11:55:01 DEBUG 
        ==== Asset MSFT | Tick: 9 ====
        --- Price ---
        236.58436284009488
        --- Bid Volume ---
        0.0
        --- Offer Volume ---
        181.0
        
04-11-2021 11:55:01 DEBUG Agent TRV uptick to 9
04-11-2021 11:55:01 DEBUG 
        ==== Asset TRV | Tick: 9 ====
        --- Price ---
        148.02000427246094
        --- Bid Volume ---
        0.0
        --- Offer Volume ---
        0.0
        
04-11-2021 11:55:01 DEBUG Agent UNH uptick to 9
04-11-2021 11:55:01 DEBUG 
        ==== Asset UNH | Tick: 9 ====
        --- Price ---
        337.4599914550781
        --- Bid Volume ---
        0.0
        --- Offer Volume ---
        0.0
        
04-11-2021 11:55:01 DEBUG Agent DOW uptick to 9
04-11-2021 11:55:01 DEBUG 
        ==== Asset DOW | Tick: 9 ====
        --- Price ---
        61.34999847412109
        --- Bid Volume ---
        0.0
        --- Offer Volume ---
        0.0
        
04-11-2021 11:55:05 DEBUG Agent AMGN uptick to 10
04-11-2021 11:55:05 DEBUG 
        ==== Asset AMGN | Tick: 10 ====
        --- Price ---
        226.69000244140625
        --- Bid Volume ---
        0.0
        --- Offer Volume ---
        0.0
        
04-11-2021 11:55:05 DEBUG Agent CSCO uptick to 10
04-11-2021 11:55:05 DEBUG 
        ==== Asset CSCO | Tick: 10 ====
        --- Price ---
        45.290000915527344
        --- Bid Volume ---
        185.0
        --- Offer Volume ---
        0.0
        
04-11-2021 11:55:05 DEBUG Agent CVX uptick to 10
04-11-2021 11:55:05 DEBUG 
        ==== Asset CVX | Tick: 10 ====
        --- Price ---
        101.7217025756836
        --- Bid Volume ---
        68.0
        --- Offer Volume ---
        0.0
        
04-11-2021 11:55:05 DEBUG Agent GS uptick to 10
04-11-2021 11:55:05 DEBUG 
        ==== Asset GS | Tick: 10 ====
        --- Price ---
        326.1600036621094
        --- Bid Volume ---
        0.0
        --- Offer Volume ---
        0.0
        
04-11-2021 11:55:05 DEBUG Agent HON uptick to 10
04-11-2021 11:55:05 DEBUG 
        ==== Asset HON | Tick: 10 ====
        --- Price ---
        204.41000366210935
        --- Bid Volume ---
        0.0
        --- Offer Volume ---
        0.0
        
04-11-2021 11:55:05 DEBUG Agent JNJ uptick to 10
04-11-2021 11:55:05 DEBUG 
        ==== Asset JNJ | Tick: 10 ====
        --- Price ---
        161.24099731445312
        --- Bid Volume ---
        5.0
        --- Offer Volume ---
        0.0
        
04-11-2021 11:55:05 DEBUG Agent KO uptick to 10
04-11-2021 11:55:05 DEBUG 
        ==== Asset KO | Tick: 10 ====
        --- Price ---
        49.65999984741211
        --- Bid Volume ---
        0.0
        --- Offer Volume ---
        0.0
        
04-11-2021 11:55:05 DEBUG Agent MSFT uptick to 10
04-11-2021 11:55:05 DEBUG 
        ==== Asset MSFT | Tick: 10 ====
        --- Price ---
        235.75
        --- Bid Volume ---
        150.0
        --- Offer Volume ---
        0.0
        
04-11-2021 11:55:05 DEBUG Agent TRV uptick to 10
04-11-2021 11:55:05 DEBUG 
        ==== Asset TRV | Tick: 10 ====
        --- Price ---
        148.02000427246094
        --- Bid Volume ---
        0.0
        --- Offer Volume ---
        0.0
        
04-11-2021 11:55:05 DEBUG Agent UNH uptick to 10
04-11-2021 11:55:05 DEBUG 
        ==== Asset UNH | Tick: 10 ====
        --- Price ---
        337.4599914550781
        --- Bid Volume ---
        0.0
        --- Offer Volume ---
        0.0
        
04-11-2021 11:55:05 DEBUG Agent DOW uptick to 10
04-11-2021 11:55:05 DEBUG 
        ==== Asset DOW | Tick: 10 ====
        --- Price ---
        61.34999847412109
        --- Bid Volume ---
        0.0
        --- Offer Volume ---
        0.0
        
04-11-2021 11:55:10 DEBUG Agent AMGN uptick to 11
04-11-2021 11:55:10 DEBUG 
        ==== Asset AMGN | Tick: 11 ====
        --- Price ---
        226.69000244140625
        --- Bid Volume ---
        0.0
        --- Offer Volume ---
        0.0
        
04-11-2021 11:55:10 DEBUG Agent CSCO uptick to 11
04-11-2021 11:55:10 DEBUG 
        ==== Asset CSCO | Tick: 11 ====
        --- Price ---
        46.8626815299399
        --- Bid Volume ---
        0.0
        --- Offer Volume ---
        185.0
        
04-11-2021 11:55:10 DEBUG Agent CVX uptick to 11
04-11-2021 11:55:10 DEBUG 
        ==== Asset CVX | Tick: 11 ====
        --- Price ---
        102.28485310243377
        --- Bid Volume ---
        0.0
        --- Offer Volume ---
        68.0
        
04-11-2021 11:55:10 DEBUG Agent GS uptick to 11
04-11-2021 11:55:10 DEBUG 
        ==== Asset GS | Tick: 11 ====
        --- Price ---
        326.1600036621094
        --- Bid Volume ---
        0.0
        --- Offer Volume ---
        0.0
        
04-11-2021 11:55:10 DEBUG Agent HON uptick to 11
04-11-2021 11:55:10 DEBUG 
        ==== Asset HON | Tick: 11 ====
        --- Price ---
        204.41000366210935
        --- Bid Volume ---
        0.0
        --- Offer Volume ---
        0.0
        
04-11-2021 11:55:10 DEBUG Agent JNJ uptick to 11
04-11-2021 11:55:10 DEBUG 
        ==== Asset JNJ | Tick: 11 ====
        --- Price ---
        161.24608812594946
        --- Bid Volume ---
        0.0
        --- Offer Volume ---
        5.0
        
04-11-2021 11:55:10 DEBUG Agent KO uptick to 11
04-11-2021 11:55:10 DEBUG 
        ==== Asset KO | Tick: 11 ====
        --- Price ---
        49.65999984741211
        --- Bid Volume ---
        0.0
        --- Offer Volume ---
        0.0
        
04-11-2021 11:55:10 DEBUG Agent MSFT uptick to 11
04-11-2021 11:55:10 DEBUG 
        ==== Asset MSFT | Tick: 11 ====
        --- Price ---
        236.4414609172057
        --- Bid Volume ---
        0.0
        --- Offer Volume ---
        150.0
        
04-11-2021 11:55:10 DEBUG Agent TRV uptick to 11
04-11-2021 11:55:10 DEBUG 
        ==== Asset TRV | Tick: 11 ====
        --- Price ---
        148.02000427246094
        --- Bid Volume ---
        0.0
        --- Offer Volume ---
        0.0
        
04-11-2021 11:55:10 DEBUG Agent UNH uptick to 11
04-11-2021 11:55:10 DEBUG 
        ==== Asset UNH | Tick: 11 ====
        --- Price ---
        337.4599914550781
        --- Bid Volume ---
        0.0
        --- Offer Volume ---
        0.0
        
04-11-2021 11:55:10 DEBUG Agent DOW uptick to 11
04-11-2021 11:55:10 DEBUG 
        ==== Asset DOW | Tick: 11 ====
        --- Price ---
        61.34999847412109
        --- Bid Volume ---
        0.0
        --- Offer Volume ---
        0.0
        
04-11-2021 11:55:10 DEBUG Agent AMGN uptick to 12
04-11-2021 11:55:10 DEBUG 
        ==== Asset AMGN | Tick: 12 ====
        --- Price ---
        226.69000244140625
        --- Bid Volume ---
        0.0
        --- Offer Volume ---
        0.0
        
04-11-2021 11:55:10 DEBUG Agent CSCO uptick to 12
04-11-2021 11:55:10 DEBUG 
        ==== Asset CSCO | Tick: 12 ====
        --- Price ---
        45.290102328014115
        --- Bid Volume ---
        70.0
        --- Offer Volume ---
        0.0
        
04-11-2021 11:55:10 DEBUG Agent CVX uptick to 12
04-11-2021 11:55:10 DEBUG 
        ==== Asset CVX | Tick: 12 ====
        --- Price ---
        101.7217025756836
        --- Bid Volume ---
        185.0
        --- Offer Volume ---
        0.0
        
04-11-2021 11:55:10 DEBUG Agent GS uptick to 12
04-11-2021 11:55:10 DEBUG 
        ==== Asset GS | Tick: 12 ====
        --- Price ---
        326.1600036621094
        --- Bid Volume ---
        0.0
        --- Offer Volume ---
        0.0
        
04-11-2021 11:55:10 DEBUG Agent HON uptick to 12
04-11-2021 11:55:10 DEBUG 
        ==== Asset HON | Tick: 12 ====
        --- Price ---
        204.41000366210935
        --- Bid Volume ---
        0.0
        --- Offer Volume ---
        0.0
        
04-11-2021 11:55:10 DEBUG Agent JNJ uptick to 12
04-11-2021 11:55:10 DEBUG 
        ==== Asset JNJ | Tick: 12 ====
        --- Price ---
        161.24099731445312
        --- Bid Volume ---
        1.0
        --- Offer Volume ---
        0.0
        
04-11-2021 11:55:10 DEBUG Agent KO uptick to 12
04-11-2021 11:55:10 DEBUG 
        ==== Asset KO | Tick: 12 ====
        --- Price ---
        49.65999984741211
        --- Bid Volume ---
        0.0
        --- Offer Volume ---
        0.0
        
04-11-2021 11:55:10 DEBUG Agent MSFT uptick to 12
04-11-2021 11:55:10 DEBUG 
        ==== Asset MSFT | Tick: 12 ====
        --- Price ---
        235.75
        --- Bid Volume ---
        178.0
        --- Offer Volume ---
        0.0
        
04-11-2021 11:55:10 DEBUG Agent TRV uptick to 12
04-11-2021 11:55:10 DEBUG 
        ==== Asset TRV | Tick: 12 ====
        --- Price ---
        148.02000427246094
        --- Bid Volume ---
        0.0
        --- Offer Volume ---
        0.0
        
04-11-2021 11:55:10 DEBUG Agent UNH uptick to 12
04-11-2021 11:55:10 DEBUG 
        ==== Asset UNH | Tick: 12 ====
        --- Price ---
        337.4599914550781
        --- Bid Volume ---
        0.0
        --- Offer Volume ---
        0.0
        
04-11-2021 11:55:10 DEBUG Agent DOW uptick to 12
04-11-2021 11:55:10 DEBUG 
        ==== Asset DOW | Tick: 12 ====
        --- Price ---
        61.34999847412109
        --- Bid Volume ---
        0.0
        --- Offer Volume ---
        0.0
        
04-11-2021 11:55:10 DEBUG Agent AMGN uptick to 13
04-11-2021 11:55:10 DEBUG 
        ==== Asset AMGN | Tick: 13 ====
        --- Price ---
        226.69000244140625
        --- Bid Volume ---
        0.0
        --- Offer Volume ---
        0.0
        
04-11-2021 11:55:10 DEBUG Agent CSCO uptick to 13
04-11-2021 11:55:10 DEBUG 
        ==== Asset CSCO | Tick: 13 ====
        --- Price ---
        45.88513229631036
        --- Bid Volume ---
        0.0
        --- Offer Volume ---
        70.0
        
04-11-2021 11:55:10 DEBUG Agent CVX uptick to 13
04-11-2021 11:55:10 DEBUG 
        ==== Asset CVX | Tick: 13 ====
        --- Price ---
        103.25380327345981
        --- Bid Volume ---
        0.0
        --- Offer Volume ---
        185.0
        
04-11-2021 11:55:10 DEBUG Agent GS uptick to 13
04-11-2021 11:55:10 DEBUG 
        ==== Asset GS | Tick: 13 ====
        --- Price ---
        326.1600036621094
        --- Bid Volume ---
        0.0
        --- Offer Volume ---
        0.0
        
04-11-2021 11:55:10 DEBUG Agent HON uptick to 13
04-11-2021 11:55:10 DEBUG 
        ==== Asset HON | Tick: 13 ====
        --- Price ---
        204.41000366210935
        --- Bid Volume ---
        0.0
        --- Offer Volume ---
        0.0
        
04-11-2021 11:55:10 DEBUG Agent JNJ uptick to 13
04-11-2021 11:55:10 DEBUG 
        ==== Asset JNJ | Tick: 13 ====
        --- Price ---
        161.24201547675239
        --- Bid Volume ---
        0.0
        --- Offer Volume ---
        1.0
        
04-11-2021 11:55:10 DEBUG Agent KO uptick to 13
04-11-2021 11:55:10 DEBUG 
        ==== Asset KO | Tick: 13 ====
        --- Price ---
        49.65999984741211
        --- Bid Volume ---
        0.0
        --- Offer Volume ---
        0.0
        
04-11-2021 11:55:10 DEBUG Agent MSFT uptick to 13
04-11-2021 11:55:10 DEBUG 
        ==== Asset MSFT | Tick: 13 ====
        --- Price ---
        236.57053362175077
        --- Bid Volume ---
        0.0
        --- Offer Volume ---
        178.0
        
04-11-2021 11:55:10 DEBUG Agent TRV uptick to 13
04-11-2021 11:55:10 DEBUG 
        ==== Asset TRV | Tick: 13 ====
        --- Price ---
        148.02000427246094
        --- Bid Volume ---
        0.0
        --- Offer Volume ---
        0.0
        
04-11-2021 11:55:10 DEBUG Agent UNH uptick to 13
04-11-2021 11:55:10 DEBUG 
        ==== Asset UNH | Tick: 13 ====
        --- Price ---
        337.4599914550781
        --- Bid Volume ---
        0.0
        --- Offer Volume ---
        0.0
        
04-11-2021 11:55:10 DEBUG Agent DOW uptick to 13
04-11-2021 11:55:10 DEBUG 
        ==== Asset DOW | Tick: 13 ====
        --- Price ---
        61.34999847412109
        --- Bid Volume ---
        0.0
        --- Offer Volume ---
        0.0
        
04-11-2021 11:55:11 DEBUG Agent AMGN uptick to 14
04-11-2021 11:55:11 DEBUG 
        ==== Asset AMGN | Tick: 14 ====
        --- Price ---
        226.69000244140625
        --- Bid Volume ---
        0.0
        --- Offer Volume ---
        0.0
        
04-11-2021 11:55:11 DEBUG Agent CSCO uptick to 14
04-11-2021 11:55:11 DEBUG 
        ==== Asset CSCO | Tick: 14 ====
        --- Price ---
        45.290102328014115
        --- Bid Volume ---
        185.0
        --- Offer Volume ---
        0.0
        
04-11-2021 11:55:11 DEBUG Agent CVX uptick to 14
04-11-2021 11:55:11 DEBUG 
        ==== Asset CVX | Tick: 14 ====
        --- Price ---
        101.7217025756836
        --- Bid Volume ---
        68.0
        --- Offer Volume ---
        0.0
        
04-11-2021 11:55:11 DEBUG Agent GS uptick to 14
04-11-2021 11:55:11 DEBUG 
        ==== Asset GS | Tick: 14 ====
        --- Price ---
        326.1600036621094
        --- Bid Volume ---
        0.0
        --- Offer Volume ---
        0.0
        
04-11-2021 11:55:11 DEBUG Agent HON uptick to 14
04-11-2021 11:55:11 DEBUG 
        ==== Asset HON | Tick: 14 ====
        --- Price ---
        204.41000366210935
        --- Bid Volume ---
        0.0
        --- Offer Volume ---
        0.0
        
04-11-2021 11:55:11 DEBUG Agent JNJ uptick to 14
04-11-2021 11:55:11 DEBUG 
        ==== Asset JNJ | Tick: 14 ====
        --- Price ---
        161.24099731445312
        --- Bid Volume ---
        0.0
        --- Offer Volume ---
        0.0
        
04-11-2021 11:55:11 DEBUG Agent KO uptick to 14
04-11-2021 11:55:11 DEBUG 
        ==== Asset KO | Tick: 14 ====
        --- Price ---
        49.65999984741211
        --- Bid Volume ---
        0.0
        --- Offer Volume ---
        0.0
        
04-11-2021 11:55:11 DEBUG Agent MSFT uptick to 14
04-11-2021 11:55:11 DEBUG 
        ==== Asset MSFT | Tick: 14 ====
        --- Price ---
        235.75
        --- Bid Volume ---
        153.0
        --- Offer Volume ---
        0.0
        
04-11-2021 11:55:11 DEBUG Agent TRV uptick to 14
04-11-2021 11:55:11 DEBUG 
        ==== Asset TRV | Tick: 14 ====
        --- Price ---
        148.02000427246094
        --- Bid Volume ---
        0.0
        --- Offer Volume ---
        0.0
        
04-11-2021 11:55:11 DEBUG Agent UNH uptick to 14
04-11-2021 11:55:11 DEBUG 
        ==== Asset UNH | Tick: 14 ====
        --- Price ---
        337.4599914550781
        --- Bid Volume ---
        0.0
        --- Offer Volume ---
        0.0
        
04-11-2021 11:55:11 DEBUG Agent DOW uptick to 14
04-11-2021 11:55:11 DEBUG 
        ==== Asset DOW | Tick: 14 ====
        --- Price ---
        61.34999847412109
        --- Bid Volume ---
        0.0
        --- Offer Volume ---
        0.0
        
04-11-2021 11:55:11 DEBUG Agent AMGN uptick to 15
04-11-2021 11:55:11 DEBUG 
        ==== Asset AMGN | Tick: 15 ====
        --- Price ---
        226.69000244140625
        --- Bid Volume ---
        0.0
        --- Offer Volume ---
        0.0
        
04-11-2021 11:55:11 DEBUG Agent CSCO uptick to 15
04-11-2021 11:55:11 DEBUG 
        ==== Asset CSCO | Tick: 15 ====
        --- Price ---
        46.8626815299399
        --- Bid Volume ---
        0.0
        --- Offer Volume ---
        185.0
        
04-11-2021 11:55:11 DEBUG Agent CVX uptick to 15
04-11-2021 11:55:11 DEBUG 
        ==== Asset CVX | Tick: 15 ====
        --- Price ---
        102.28485310243377
        --- Bid Volume ---
        0.0
        --- Offer Volume ---
        68.0
        
04-11-2021 11:55:11 DEBUG Agent GS uptick to 15
04-11-2021 11:55:11 DEBUG 
        ==== Asset GS | Tick: 15 ====
        --- Price ---
        326.1600036621094
        --- Bid Volume ---
        0.0
        --- Offer Volume ---
        0.0
        
04-11-2021 11:55:11 DEBUG Agent HON uptick to 15
04-11-2021 11:55:11 DEBUG 
        ==== Asset HON | Tick: 15 ====
        --- Price ---
        204.41000366210935
        --- Bid Volume ---
        0.0
        --- Offer Volume ---
        0.0
        
04-11-2021 11:55:11 DEBUG Agent JNJ uptick to 15
04-11-2021 11:55:11 DEBUG 
        ==== Asset JNJ | Tick: 15 ====
        --- Price ---
        161.24099731445312
        --- Bid Volume ---
        0.0
        --- Offer Volume ---
        0.0
        
04-11-2021 11:55:11 DEBUG Agent KO uptick to 15
04-11-2021 11:55:11 DEBUG 
        ==== Asset KO | Tick: 15 ====
        --- Price ---
        49.65999984741211
        --- Bid Volume ---
        0.0
        --- Offer Volume ---
        0.0
        
04-11-2021 11:55:11 DEBUG Agent MSFT uptick to 15
04-11-2021 11:55:11 DEBUG 
        ==== Asset MSFT | Tick: 15 ====
        --- Price ---
        236.4552901355498
        --- Bid Volume ---
        0.0
        --- Offer Volume ---
        153.0
        
04-11-2021 11:55:11 DEBUG Agent TRV uptick to 15
04-11-2021 11:55:11 DEBUG 
        ==== Asset TRV | Tick: 15 ====
        --- Price ---
        148.02000427246094
        --- Bid Volume ---
        0.0
        --- Offer Volume ---
        0.0
        
04-11-2021 11:55:11 DEBUG Agent UNH uptick to 15
04-11-2021 11:55:11 DEBUG 
        ==== Asset UNH | Tick: 15 ====
        --- Price ---
        337.4599914550781
        --- Bid Volume ---
        0.0
        --- Offer Volume ---
        0.0
        
04-11-2021 11:55:11 DEBUG Agent DOW uptick to 15
04-11-2021 11:55:11 DEBUG 
        ==== Asset DOW | Tick: 15 ====
        --- Price ---
        61.34999847412109
        --- Bid Volume ---
        0.0
        --- Offer Volume ---
        0.0
        
04-11-2021 11:55:11 DEBUG Agent AMGN uptick to 16
04-11-2021 11:55:11 DEBUG 
        ==== Asset AMGN | Tick: 16 ====
        --- Price ---
        226.69000244140625
        --- Bid Volume ---
        0.0
        --- Offer Volume ---
        0.0
        
04-11-2021 11:55:11 DEBUG Agent CSCO uptick to 16
04-11-2021 11:55:11 DEBUG 
        ==== Asset CSCO | Tick: 16 ====
        --- Price ---
        45.290102328014115
        --- Bid Volume ---
        70.0
        --- Offer Volume ---
        0.0
        
04-11-2021 11:55:11 DEBUG Agent CVX uptick to 16
04-11-2021 11:55:11 DEBUG 
        ==== Asset CVX | Tick: 16 ====
        --- Price ---
        101.7217025756836
        --- Bid Volume ---
        185.0
        --- Offer Volume ---
        0.0
        
04-11-2021 11:55:11 DEBUG Agent GS uptick to 16
04-11-2021 11:55:11 DEBUG 
        ==== Asset GS | Tick: 16 ====
        --- Price ---
        326.1600036621094
        --- Bid Volume ---
        0.0
        --- Offer Volume ---
        0.0
        
04-11-2021 11:55:11 DEBUG Agent HON uptick to 16
04-11-2021 11:55:11 DEBUG 
        ==== Asset HON | Tick: 16 ====
        --- Price ---
        204.41000366210935
        --- Bid Volume ---
        0.0
        --- Offer Volume ---
        0.0
        
04-11-2021 11:55:11 DEBUG Agent JNJ uptick to 16
04-11-2021 11:55:11 DEBUG 
        ==== Asset JNJ | Tick: 16 ====
        --- Price ---
        161.24099731445312
        --- Bid Volume ---
        0.0
        --- Offer Volume ---
        0.0
        
04-11-2021 11:55:11 DEBUG Agent KO uptick to 16
04-11-2021 11:55:11 DEBUG 
        ==== Asset KO | Tick: 16 ====
        --- Price ---
        49.65999984741211
        --- Bid Volume ---
        0.0
        --- Offer Volume ---
        0.0
        
04-11-2021 11:55:11 DEBUG Agent MSFT uptick to 16
04-11-2021 11:55:11 DEBUG 
        ==== Asset MSFT | Tick: 16 ====
        --- Price ---
        235.75
        --- Bid Volume ---
        176.0
        --- Offer Volume ---
        0.0
        
04-11-2021 11:55:11 DEBUG Agent TRV uptick to 16
04-11-2021 11:55:11 DEBUG 
        ==== Asset TRV | Tick: 16 ====
        --- Price ---
        148.02000427246094
        --- Bid Volume ---
        0.0
        --- Offer Volume ---
        0.0
        
04-11-2021 11:55:11 DEBUG Agent UNH uptick to 16
04-11-2021 11:55:11 DEBUG 
        ==== Asset UNH | Tick: 16 ====
        --- Price ---
        337.4599914550781
        --- Bid Volume ---
        0.0
        --- Offer Volume ---
        0.0
        
04-11-2021 11:55:11 DEBUG Agent DOW uptick to 16
04-11-2021 11:55:11 DEBUG 
        ==== Asset DOW | Tick: 16 ====
        --- Price ---
        61.34999847412109
        --- Bid Volume ---
        0.0
        --- Offer Volume ---
        0.0
        
