04-09-2021 10:15:23 INFO Agent 0 vars at 2:
   type           cash                                           holdings
0     1  407533.535255  {'AXP': 0, 'AMGN': 0, 'AAPL': 0, 'BA': 0, 'CAT...
1     1  407533.535255  {'AXP': 0, 'AMGN': 0, 'AAPL': 0, 'BA': 0, 'CAT...
2     1  407533.535255  {'AXP': 0, 'AMGN': 0, 'AAPL': 0, 'BA': 0, 'CAT...

04-09-2021 10:15:34 INFO Agent 1 vars at 2:
   type           cash                                           holdings
0     0  134772.985112  {'AXP': 0, 'AMGN': 0, 'AAPL': 0, 'BA': 0, 'CAT...
1     0  134772.985112  {'AXP': 0, 'AMGN': 0, 'AAPL': 0, 'BA': 0, 'CAT...
2     0  134772.985112  {'AXP': 0, 'AMGN': 0, 'AAPL': 0, 'BA': 0, 'CAT...

04-09-2021 10:15:44 INFO Agent 2 vars at 2:
   type           cash                                           holdings
0     0  398932.121876  {'AXP': 0, 'AMGN': 0, 'AAPL': 0, 'BA': 0, 'CAT...
1     0  398932.121876  {'AXP': 0, 'AMGN': 0, 'AAPL': 0, 'BA': 0, 'CAT...
2     0  398932.121876  {'AXP': 0, 'AMGN': 0, 'AAPL': 0, 'BA': 0, 'CAT...

04-09-2021 10:15:44 INFO Agent 3 vars at 2:
   type           cash                                           holdings
0     0  894614.147254  {'AXP': 0, 'AMGN': 0, 'AAPL': 0, 'BA': 0, 'CAT...
1     0  894614.147254  {'AXP': 0, 'AMGN': 0, 'AAPL': 0, 'BA': 0, 'CAT...
2     0  894614.147254  {'AXP': 0, 'AMGN': 0, 'AAPL': 0, 'BA': 0, 'CAT...

04-09-2021 10:15:44 INFO Agent 4 vars at 2:
   type           cash                                           holdings
0     1  914396.306904  {'AXP': 0, 'AMGN': 0, 'AAPL': 0, 'BA': 0, 'CAT...
1     1  914396.306904  {'AXP': 0, 'AMGN': 0, 'AAPL': 0, 'BA': 0, 'CAT...
2     1  914396.306904  {'AXP': 0, 'AMGN': 0, 'AAPL': 0, 'BA': 0, 'CAT...

04-09-2021 10:15:51 INFO Agent 0 vars at 3:
   type           cash                                           holdings
0     1  407533.535255  {'AXP': 0, 'AMGN': 0, 'AAPL': 0, 'BA': 0, 'CAT...
1     1  407533.535255  {'AXP': 0, 'AMGN': 0, 'AAPL': 0, 'BA': 0, 'CAT...
2     1  407533.535255  {'AXP': 0, 'AMGN': 65, 'AAPL': 12, 'BA': 28, '...
3     1  407533.535255  {'AXP': 0, 'AMGN': 65, 'AAPL': 12, 'BA': 28, '...

04-09-2021 10:16:28 INFO Agent 1 vars at 3:
   type           cash                                           holdings
0     0  134772.985112  {'AXP': 0, 'AMGN': 0, 'AAPL': 0, 'BA': 0, 'CAT...
1     0  134772.985112  {'AXP': 0, 'AMGN': 0, 'AAPL': 0, 'BA': 0, 'CAT...
2     0  134772.985112  {'AXP': 0, 'AMGN': 59, 'AAPL': 8, 'BA': 23, 'C...
3     0  134772.985112  {'AXP': 0, 'AMGN': 59, 'AAPL': 8, 'BA': 23, 'C...

04-09-2021 10:16:28 INFO Agent 2 vars at 3:
   type           cash                                           holdings
0     0  398932.121876  {'AXP': 0, 'AMGN': 0, 'AAPL': 0, 'BA': 0, 'CAT...
1     0  398932.121876  {'AXP': 0, 'AMGN': 0, 'AAPL': 0, 'BA': 0, 'CAT...
2     0  398932.121876  {'AXP': 0, 'AMGN': 19, 'AAPL': 3, 'BA': 8, 'CA...
3     0  398932.121876  {'AXP': 0, 'AMGN': 19, 'AAPL': 3, 'BA': 8, 'CA...

04-09-2021 10:16:28 INFO Agent 3 vars at 3:
   type           cash                                           holdings
0     0  894614.147254  {'AXP': 0, 'AMGN': 0, 'AAPL': 0, 'BA': 0, 'CAT...
1     0  894614.147254  {'AXP': 0, 'AMGN': 0, 'AAPL': 0, 'BA': 0, 'CAT...
2     0  894614.147254  {'AXP': 0, 'AMGN': 48, 'AAPL': 8, 'BA': 21, 'C...
3     0  894614.147254  {'AXP': 0, 'AMGN': 48, 'AAPL': 8, 'BA': 21, 'C...

04-09-2021 10:16:28 INFO Agent 4 vars at 3:
   type           cash                                           holdings
0     1  914396.306904  {'AXP': 0, 'AMGN': 0, 'AAPL': 0, 'BA': 0, 'CAT...
1     1  914396.306904  {'AXP': 0, 'AMGN': 0, 'AAPL': 0, 'BA': 0, 'CAT...
2     1  914396.306904  {'AXP': 0, 'AMGN': 58, 'AAPL': 10, 'BA': 25, '...
3     1  914396.306904  {'AXP': 0, 'AMGN': 58, 'AAPL': 10, 'BA': 25, '...

04-09-2021 10:16:37 INFO Agent 0 vars at 4:
   type           cash                                           holdings
0     1  407533.535255  {'AXP': 0, 'AMGN': 0, 'AAPL': 0, 'BA': 0, 'CAT...
1     1  407533.535255  {'AXP': 0, 'AMGN': 0, 'AAPL': 0, 'BA': 0, 'CAT...
2     1  407533.535255  {'AXP': 0, 'AMGN': 65, 'AAPL': 12, 'BA': 28, '...
3     1  407533.535255  {'AXP': 1, 'AMGN': 236, 'AAPL': 24, 'BA': 73, ...
4     1  407533.535255  {'AXP': 1, 'AMGN': 236, 'AAPL': 24, 'BA': 73, ...

04-09-2021 10:18:35 INFO Agent 1 vars at 4:
   type           cash                                           holdings
0     0  134772.985112  {'AXP': 0, 'AMGN': 0, 'AAPL': 0, 'BA': 0, 'CAT...
1     0  134772.985112  {'AXP': 0, 'AMGN': 0, 'AAPL': 0, 'BA': 0, 'CAT...
2     0  134772.985112  {'AXP': 0, 'AMGN': 59, 'AAPL': 8, 'BA': 23, 'C...
3     0  134772.985112  {'AXP': 0, 'AMGN': 351, 'AAPL': 19, 'BA': 71, ...
4     0  134772.985112  {'AXP': 0, 'AMGN': 351, 'AAPL': 19, 'BA': 71, ...

04-09-2021 10:18:35 INFO Agent 2 vars at 4:
   type           cash                                           holdings
0     0  398932.121876  {'AXP': 0, 'AMGN': 0, 'AAPL': 0, 'BA': 0, 'CAT...
1     0  398932.121876  {'AXP': 0, 'AMGN': 0, 'AAPL': 0, 'BA': 0, 'CAT...
2     0  398932.121876  {'AXP': 0, 'AMGN': 19, 'AAPL': 3, 'BA': 8, 'CA...
3     0  398932.121876  {'AXP': 13, 'AMGN': 54, 'AAPL': 2, 'BA': 9, 'C...
4     0  398932.121876  {'AXP': 13, 'AMGN': 54, 'AAPL': 2, 'BA': 9, 'C...

04-09-2021 10:18:35 INFO Agent 3 vars at 4:
   type           cash                                           holdings
0     0  894614.147254  {'AXP': 0, 'AMGN': 0, 'AAPL': 0, 'BA': 0, 'CAT...
1     0  894614.147254  {'AXP': 0, 'AMGN': 0, 'AAPL': 0, 'BA': 0, 'CAT...
2     0  894614.147254  {'AXP': 0, 'AMGN': 48, 'AAPL': 8, 'BA': 21, 'C...
3     0  894614.147254  {'AXP': 0, 'AMGN': 191, 'AAPL': 18, 'BA': 57, ...
4     0  894614.147254  {'AXP': 0, 'AMGN': 191, 'AAPL': 18, 'BA': 57, ...

04-09-2021 10:18:36 INFO Agent 4 vars at 4:
   type           cash                                           holdings
0     1  914396.306904  {'AXP': 0, 'AMGN': 0, 'AAPL': 0, 'BA': 0, 'CAT...
1     1  914396.306904  {'AXP': 0, 'AMGN': 0, 'AAPL': 0, 'BA': 0, 'CAT...
2     1  914396.306904  {'AXP': 0, 'AMGN': 58, 'AAPL': 10, 'BA': 25, '...
3     1  914396.306904  {'AXP': 1, 'AMGN': 216, 'AAPL': 22, 'BA': 67, ...
4     1  914396.306904  {'AXP': 1, 'AMGN': 216, 'AAPL': 22, 'BA': 67, ...

04-09-2021 10:18:45 INFO Agent 0 vars at 5:
   type           cash                                           holdings
0     1  407533.535255  {'AXP': 0, 'AMGN': 0, 'AAPL': 0, 'BA': 0, 'CAT...
1     1  407533.535255  {'AXP': 0, 'AMGN': 0, 'AAPL': 0, 'BA': 0, 'CAT...
2     1  407533.535255  {'AXP': 0, 'AMGN': 65, 'AAPL': 12, 'BA': 28, '...
3     1  407533.535255  {'AXP': 1, 'AMGN': 236, 'AAPL': 24, 'BA': 73, ...
4     1  407533.535255  {'AXP': 9, 'AMGN': 1366, 'AAPL': 27, 'BA': 139...
5     1  407533.535255  {'AXP': 9, 'AMGN': 1366, 'AAPL': 27, 'BA': 139...

04-09-2021 10:20:23 INFO Agent 1 vars at 5:
   type           cash                                           holdings
0     0  134772.985112  {'AXP': 0, 'AMGN': 0, 'AAPL': 0, 'BA': 0, 'CAT...
1     0  134772.985112  {'AXP': 0, 'AMGN': 0, 'AAPL': 0, 'BA': 0, 'CAT...
2     0  134772.985112  {'AXP': 0, 'AMGN': 59, 'AAPL': 8, 'BA': 23, 'C...
3     0  134772.985112  {'AXP': 0, 'AMGN': 351, 'AAPL': 19, 'BA': 71, ...
4     0  134772.985112  {'AXP': 7, 'AMGN': 6709, 'AAPL': 21, 'BA': 160...
5     0  134772.985112  {'AXP': 7, 'AMGN': 6709, 'AAPL': 21, 'BA': 160...

04-09-2021 10:20:23 INFO Agent 2 vars at 5:
   type           cash                                           holdings
0     0  398932.121876  {'AXP': 0, 'AMGN': 0, 'AAPL': 0, 'BA': 0, 'CAT...
1     0  398932.121876  {'AXP': 0, 'AMGN': 0, 'AAPL': 0, 'BA': 0, 'CAT...
2     0  398932.121876  {'AXP': 0, 'AMGN': 19, 'AAPL': 3, 'BA': 8, 'CA...
3     0  398932.121876  {'AXP': 13, 'AMGN': 54, 'AAPL': 2, 'BA': 9, 'C...
4     0  398932.121876  {'AXP': 11, 'AMGN': 823, 'AAPL': 0, 'BA': 0, '...
5     0  398932.121876  {'AXP': 11, 'AMGN': 823, 'AAPL': 0, 'BA': 0, '...

04-09-2021 10:20:24 INFO Agent 3 vars at 5:
   type           cash                                           holdings
0     0  894614.147254  {'AXP': 0, 'AMGN': 0, 'AAPL': 0, 'BA': 0, 'CAT...
1     0  894614.147254  {'AXP': 0, 'AMGN': 0, 'AAPL': 0, 'BA': 0, 'CAT...
2     0  894614.147254  {'AXP': 0, 'AMGN': 48, 'AAPL': 8, 'BA': 21, 'C...
3     0  894614.147254  {'AXP': 0, 'AMGN': 191, 'AAPL': 18, 'BA': 57, ...
4     0  894614.147254  {'AXP': 7, 'AMGN': 1423, 'AAPL': 19, 'BA': 107...
5     0  894614.147254  {'AXP': 7, 'AMGN': 1423, 'AAPL': 19, 'BA': 107...

04-09-2021 10:20:24 INFO Agent 4 vars at 5:
   type           cash                                           holdings
0     1  914396.306904  {'AXP': 0, 'AMGN': 0, 'AAPL': 0, 'BA': 0, 'CAT...
1     1  914396.306904  {'AXP': 0, 'AMGN': 0, 'AAPL': 0, 'BA': 0, 'CAT...
2     1  914396.306904  {'AXP': 0, 'AMGN': 58, 'AAPL': 10, 'BA': 25, '...
3     1  914396.306904  {'AXP': 1, 'AMGN': 216, 'AAPL': 22, 'BA': 67, ...
4     1  914396.306904  {'AXP': 9, 'AMGN': 1247, 'AAPL': 24, 'BA': 126...
5     1  914396.306904  {'AXP': 9, 'AMGN': 1247, 'AAPL': 24, 'BA': 126...

